{"timestamp": "2025-11-11T10:20:27.113608Z", "level": "info", "event": "Running in LOCAL mode: .env loaded"}
{"timestamp": "2025-11-11T10:20:27.113721Z", "level": "info", "event": "Loaded GROQ_API_KEY from individual env var"}
{"timestamp": "2025-11-11T10:20:27.113761Z", "level": "info", "event": "Loaded GOOGLE_API_KEY from individual env var"}
{"keys": {"GROQ_API_KEY": "gsk_tf...", "GOOGLE_API_KEY": "AIzaSy..."}, "timestamp": "2025-11-11T10:20:27.113793Z", "level": "info", "event": "API keys loaded"}
{"config_keys": ["embedding_model", "retriever", "llm"], "timestamp": "2025-11-11T10:20:27.114970Z", "level": "info", "event": "YAML config loaded"}
{"session_id": "session_20251111_155027_b76c1f7e", "temp_dir": "data/session_20251111_155027_b76c1f7e", "faiss_dir": "faiss_index/session_20251111_155027_b76c1f7e", "sessionized": true, "timestamp": "2025-11-11T10:20:27.115337Z", "level": "info", "event": "ChatIngestor initialized"}
{"uploaded": "/Users/yashchinawale/Desktop/end-end-rag/data/attention-is-all-you-need.pdf", "saved_as": "data/session_20251111_155027_b76c1f7e/257ebfc2.pdf", "timestamp": "2025-11-11T10:20:27.118351Z", "level": "info", "event": "File saved for ingestion"}
{"error": "`pypdf` package not found, please install it with `pip install pypdf`", "timestamp": "2025-11-11T10:20:27.124064Z", "level": "error", "event": "Failed loading documents"}
{"error": "Error in [/Users/yashchinawale/Desktop/end-end-rag/.venv/lib/python3.11/site-packages/langchain_community/document_loaders/parsers/pdf.py] at line [361] | Message: Error loading documents\nTraceback:\nTraceback (most recent call last):\n  File \"/Users/yashchinawale/Desktop/end-end-rag/.venv/lib/python3.11/site-packages/langchain_community/document_loaders/parsers/pdf.py\", line 359, in lazy_parse\n    import pypdf\nModuleNotFoundError: No module named 'pypdf'\n\nDuring handling of the above exception, another exception occurred:\n\nTraceback (most recent call last):\n  File \"/Users/yashchinawale/Desktop/end-end-rag/multi_doc_chat/utils/document_ops.py\", line 28, in load_documents\n    docs.extend(loader.load())\n                ^^^^^^^^^^^^^\n  File \"/Users/yashchinawale/Desktop/end-end-rag/.venv/lib/python3.11/site-packages/langchain_core/document_loaders/base.py\", line 32, in load\n    return list(self.lazy_load())\n           ^^^^^^^^^^^^^^^^^^^^^^\n  File \"/Users/yashchinawale/Desktop/end-end-rag/.venv/lib/python3.11/site-packages/langchain_community/document_loaders/pdf.py\", line 305, in lazy_load\n    yield from self.parser.lazy_parse(blob)\n  File \"/Users/yashchinawale/Desktop/end-end-rag/.venv/lib/python3.11/site-packages/langchain_community/document_loaders/parsers/pdf.py\", line 361, in lazy_parse\n    raise ImportError(\nImportError: `pypdf` package not found, please install it with `pip install pypdf`\n", "timestamp": "2025-11-11T10:20:27.125771Z", "level": "error", "event": "Failed to build retriever"}
